<?xml version="1.0" encoding="UTF-8"?>
<!-- Generated by org.testng.reporters.JUnitReportReporter -->
<testsuite hostname="DESKTOP-FCA7EMA" failures="0" tests="3" name="RestCalls" time="3.528" errors="0" timestamp="2022-03-14T12:25:12 IST" skipped="0">
  <testcase classname="RestCalls" name="test_2_delete" time="1.650"/>
  <system-out/>
  <testcase classname="RestCalls" name="test_1_get" time="1.450"/>
  <system-out/>
  <testcase classname="RestCalls" name="test_3_update" time="0.428"/>
  <system-out/>
</testsuite> <!-- RestCalls -->
