<?xml version="1.0" encoding="UTF-8"?>
<!-- Generated by org.testng.reporters.JUnitReportReporter -->
<testsuite hostname="DESKTOP-FCA7EMA" failures="0" tests="1" name="Test_GET" time="1.145" errors="0" timestamp="2022-03-14T09:47:19 IST" skipped="0">
  <testcase classname="Test_GET" name="test_01" time="1.145"/>
  <system-out/>
</testsuite> <!-- Test_GET -->
